<?xml version="1.0" encoding="UTF-8" ?>
<testsuite failures="0" time="0.003" errors="0" skipped="0" tests="1" name="se.citerus.dddsample.infrastructure.routing.ExternalRoutingServiceTest">
  <properties>
    <property name="java.runtime.name" value="Java(TM) SE Runtime Environment"/>
    <property name="sun.boot.library.path" value="/System/Library/Java/JavaVirtualMachines/1.6.0.jdk/Contents/Libraries"/>
    <property name="java.vm.version" value="17.1-b03-307"/>
    <property name="awt.nativeDoubleBuffering" value="true"/>
    <property name="gopherProxySet" value="false"/>
    <property name="mrj.build" value="10M3261"/>
    <property name="java.vm.vendor" value="Apple Inc."/>
    <property name="java.vendor.url" value="http://www.apple.com/"/>
    <property name="path.separator" value=":"/>
    <property name="java.vm.name" value="Java HotSpot(TM) 64-Bit Server VM"/>
    <property name="file.encoding.pkg" value="sun.io"/>
    <property name="user.country" value="US"/>
    <property name="sun.java.launcher" value="SUN_STANDARD"/>
    <property name="sun.os.patch.level" value="unknown"/>
    <property name="java.vm.specification.name" value="Java Virtual Machine Specification"/>
    <property name="user.dir" value="/Users/marcgrue/projects/dci/dddsample/dddsample-1.1.0"/>
    <property name="java.runtime.version" value="1.6.0_22-b04-307-10M3261"/>
    <property name="java.awt.graphicsenv" value="apple.awt.CGraphicsEnvironment"/>
    <property name="basedir" value="/Users/marcgrue/projects/dci/dddsample/dddsample-1.1.0"/>
    <property name="java.endorsed.dirs" value="/System/Library/Java/JavaVirtualMachines/1.6.0.jdk/Contents/Home/lib/endorsed"/>
    <property name="os.arch" value="x86_64"/>
    <property name="surefire.real.class.path" value="/var/folders/Ql/QlBr9dJx2RWRek+8ZOsFuU+++TI/-Tmp-/surefirebooter8040559785713987201.jar"/>
    <property name="java.io.tmpdir" value="/var/folders/Ql/QlBr9dJx2RWRek+8ZOsFuU+++TI/-Tmp-/"/>
    <property name="line.separator" value="
"/>
    <property name="java.vm.specification.vendor" value="Sun Microsystems Inc."/>
    <property name="os.name" value="Mac OS X"/>
    <property name="sun.jnu.encoding" value="MacRoman"/>
    <property name="java.library.path" value=".:/Users/marcgrue/Library/Java/Extensions:/Library/Java/Extensions:/System/Library/Java/Extensions:/usr/lib/java"/>
    <property name="surefire.test.class.path" value="/Users/marcgrue/projects/dci/dddsample/dddsample-1.1.0/target/test-classes:/Users/marcgrue/projects/dci/dddsample/dddsample-1.1.0/target/classes:/Users/marcgrue/.m2/repository/junit/junit/4.4/junit-4.4.jar:/Users/marcgrue/.m2/repository/org/springframework/spring-webmvc/2.5.6/spring-webmvc-2.5.6.jar:/Users/marcgrue/.m2/repository/commons-logging/commons-logging/1.1.1/commons-logging-1.1.1.jar:/Users/marcgrue/.m2/repository/org/springframework/spring-beans/2.5.6/spring-beans-2.5.6.jar:/Users/marcgrue/.m2/repository/org/springframework/spring-core/2.5.6/spring-core-2.5.6.jar:/Users/marcgrue/.m2/repository/org/springframework/spring-context/2.5.6/spring-context-2.5.6.jar:/Users/marcgrue/.m2/repository/aopalliance/aopalliance/1.0/aopalliance-1.0.jar:/Users/marcgrue/.m2/repository/org/springframework/spring-context-support/2.5.6/spring-context-support-2.5.6.jar:/Users/marcgrue/.m2/repository/org/springframework/spring-web/2.5.6/spring-web-2.5.6.jar:/Users/marcgrue/.m2/repository/org/springframework/spring/2.5.6/spring-2.5.6.jar:/Users/marcgrue/.m2/repository/org/springframework/spring-test/2.5.6/spring-test-2.5.6.jar:/Users/marcgrue/.m2/repository/org/hibernate/hibernate-core/3.3.1.GA/hibernate-core-3.3.1.GA.jar:/Users/marcgrue/.m2/repository/antlr/antlr/2.7.6/antlr-2.7.6.jar:/Users/marcgrue/.m2/repository/commons-collections/commons-collections/3.1/commons-collections-3.1.jar:/Users/marcgrue/.m2/repository/dom4j/dom4j/1.6.1/dom4j-1.6.1.jar:/Users/marcgrue/.m2/repository/xml-apis/xml-apis/1.0.b2/xml-apis-1.0.b2.jar:/Users/marcgrue/.m2/repository/javax/transaction/jta/1.1/jta-1.1.jar:/Users/marcgrue/.m2/repository/org/slf4j/slf4j-log4j12/1.5.6/slf4j-log4j12-1.5.6.jar:/Users/marcgrue/.m2/repository/org/slf4j/slf4j-api/1.5.6/slf4j-api-1.5.6.jar:/Users/marcgrue/.m2/repository/log4j/log4j/1.2.14/log4j-1.2.14.jar:/Users/marcgrue/.m2/repository/org/slf4j/jcl-over-slf4j/1.5.6/jcl-over-slf4j-1.5.6.jar:/Users/marcgrue/.m2/repository/javassist/javassist/3.8.0.GA/javassist-3.8.0.GA.jar:/Users/marcgrue/.m2/repository/org/hibernate/hibernate-annotations/3.4.0.GA/hibernate-annotations-3.4.0.GA.jar:/Users/marcgrue/.m2/repository/org/hibernate/ejb3-persistence/1.0.2.GA/ejb3-persistence-1.0.2.GA.jar:/Users/marcgrue/.m2/repository/org/hibernate/hibernate-commons-annotations/3.1.0.GA/hibernate-commons-annotations-3.1.0.GA.jar:/Users/marcgrue/.m2/repository/commons-lang/commons-lang/2.3/commons-lang-2.3.jar:/Users/marcgrue/.m2/repository/commons-io/commons-io/1.3.1/commons-io-1.3.1.jar:/Users/marcgrue/.m2/repository/commons-dbcp/commons-dbcp/1.2.2/commons-dbcp-1.2.2.jar:/Users/marcgrue/.m2/repository/commons-pool/commons-pool/1.3/commons-pool-1.3.jar:/Users/marcgrue/.m2/repository/hsqldb/hsqldb/1.8.0.7/hsqldb-1.8.0.7.jar:/Users/marcgrue/.m2/repository/javax/servlet/servlet-api/2.5/servlet-api-2.5.jar:/Users/marcgrue/.m2/repository/taglibs/standard/1.1.2/standard-1.1.2.jar:/Users/marcgrue/.m2/repository/javax/servlet/jstl/1.1.2/jstl-1.1.2.jar:/Users/marcgrue/.m2/repository/opensymphony/sitemesh/2.3/sitemesh-2.3.jar:/Users/marcgrue/.m2/repository/org/apache/activemq/activemq-core/5.2.0/activemq-core-5.2.0.jar:/Users/marcgrue/.m2/repository/org/apache/camel/camel-core/1.5.0/camel-core-1.5.0.jar:/Users/marcgrue/.m2/repository/org/apache/geronimo/specs/geronimo-jms_1.1_spec/1.1.1/geronimo-jms_1.1_spec-1.1.1.jar:/Users/marcgrue/.m2/repository/org/apache/activemq/activeio-core/3.1.0/activeio-core-3.1.0.jar:/Users/marcgrue/.m2/repository/backport-util-concurrent/backport-util-concurrent/2.1/backport-util-concurrent-2.1.jar:/Users/marcgrue/.m2/repository/org/apache/geronimo/specs/geronimo-j2ee-management_1.0_spec/1.0/geronimo-j2ee-management_1.0_spec-1.0.jar:/Users/marcgrue/.m2/repository/org/apache/xbean/xbean-spring/3.4.3/xbean-spring-3.4.3.jar:/Users/marcgrue/.m2/repository/org/easymock/easymock/2.3/easymock-2.3.jar:/Users/marcgrue/.m2/repository/org/apache/cxf/cxf-rt-frontend-jaxws/2.1.3/cxf-rt-frontend-jaxws-2.1.3.jar:/Users/marcgrue/.m2/repository/org/apache/geronimo/specs/geronimo-jaxws_2.1_spec/1.0/geronimo-jaxws_2.1_spec-1.0.jar:/Users/marcgrue/.m2/repository/org/apache/geronimo/specs/geronimo-activation_1.1_spec/1.0.2/geronimo-activation_1.1_spec-1.0.2.jar:/Users/marcgrue/.m2/repository/asm/asm/2.2.3/asm-2.2.3.jar:/Users/marcgrue/.m2/repository/org/apache/cxf/cxf-api/2.1.3/cxf-api-2.1.3.jar:/Users/marcgrue/.m2/repository/org/apache/cxf/cxf-common-utilities/2.1.3/cxf-common-utilities-2.1.3.jar:/Users/marcgrue/.m2/repository/org/apache/geronimo/specs/geronimo-annotation_1.0_spec/1.1.1/geronimo-annotation_1.0_spec-1.1.1.jar:/Users/marcgrue/.m2/repository/javax/xml/bind/jaxb-api/2.1/jaxb-api-2.1.jar:/Users/marcgrue/.m2/repository/org/apache/geronimo/specs/geronimo-stax-api_1.0_spec/1.0.1/geronimo-stax-api_1.0_spec-1.0.1.jar:/Users/marcgrue/.m2/repository/wsdl4j/wsdl4j/1.6.2/wsdl4j-1.6.2.jar:/Users/marcgrue/.m2/repository/xml-resolver/xml-resolver/1.2/xml-resolver-1.2.jar:/Users/marcgrue/.m2/repository/org/apache/ws/commons/schema/XmlSchema/1.4.2/XmlSchema-1.4.2.jar:/Users/marcgrue/.m2/repository/org/codehaus/woodstox/wstx-asl/3.2.6/wstx-asl-3.2.6.jar:/Users/marcgrue/.m2/repository/org/apache/neethi/neethi/2.0.4/neethi-2.0.4.jar:/Users/marcgrue/.m2/repository/org/apache/cxf/cxf-common-schemas/2.1.3/cxf-common-schemas-2.1.3.jar:/Users/marcgrue/.m2/repository/org/apache/cxf/cxf-rt-core/2.1.3/cxf-rt-core-2.1.3.jar:/Users/marcgrue/.m2/repository/com/sun/xml/bind/jaxb-impl/2.1.7/jaxb-impl-2.1.7.jar:/Users/marcgrue/.m2/repository/org/apache/geronimo/specs/geronimo-javamail_1.4_spec/1.3/geronimo-javamail_1.4_spec-1.3.jar:/Users/marcgrue/.m2/repository/com/sun/xml/fastinfoset/FastInfoset/1.2.2/FastInfoset-1.2.2.jar:/Users/marcgrue/.m2/repository/org/apache/cxf/cxf-rt-bindings-soap/2.1.3/cxf-rt-bindings-soap-2.1.3.jar:/Users/marcgrue/.m2/repository/org/apache/cxf/cxf-tools-common/2.1.3/cxf-tools-common-2.1.3.jar:/Users/marcgrue/.m2/repository/org/apache/velocity/velocity/1.5/velocity-1.5.jar:/Users/marcgrue/.m2/repository/oro/oro/2.0.8/oro-2.0.8.jar:/Users/marcgrue/.m2/repository/com/sun/xml/bind/jaxb-xjc/2.1.7/jaxb-xjc-2.1.7.jar:/Users/marcgrue/.m2/repository/javax/xml/soap/saaj-api/1.3/saaj-api-1.3.jar:/Users/marcgrue/.m2/repository/org/apache/geronimo/specs/geronimo-ws-metadata_2.0_spec/1.1.2/geronimo-ws-metadata_2.0_spec-1.1.2.jar:/Users/marcgrue/.m2/repository/org/apache/cxf/cxf-rt-databinding-jaxb/2.1.3/cxf-rt-databinding-jaxb-2.1.3.jar:/Users/marcgrue/.m2/repository/org/apache/cxf/cxf-rt-bindings-xml/2.1.3/cxf-rt-bindings-xml-2.1.3.jar:/Users/marcgrue/.m2/repository/org/apache/cxf/cxf-rt-frontend-simple/2.1.3/cxf-rt-frontend-simple-2.1.3.jar:/Users/marcgrue/.m2/repository/org/apache/cxf/cxf-rt-ws-addr/2.1.3/cxf-rt-ws-addr-2.1.3.jar:/Users/marcgrue/.m2/repository/com/sun/xml/messaging/saaj/saaj-impl/1.3.2/saaj-impl-1.3.2.jar:/Users/marcgrue/.m2/repository/org/apache/cxf/cxf-rt-transports-http/2.1.3/cxf-rt-transports-http-2.1.3.jar:"/>
    <property name="java.specification.name" value="Java Platform API Specification"/>
    <property name="java.class.version" value="50.0"/>
    <property name="sun.management.compiler" value="HotSpot 64-Bit Server Compiler"/>
    <property name="os.version" value="10.6.6"/>
    <property name="http.nonProxyHosts" value="local|*.local|169.254/16|*.169.254/16"/>
    <property name="user.home" value="/Users/marcgrue"/>
    <property name="user.timezone" value="Europe/Berlin"/>
    <property name="java.awt.printerjob" value="apple.awt.CPrinterJob"/>
    <property name="java.specification.version" value="1.6"/>
    <property name="file.encoding" value="MacRoman"/>
    <property name="user.name" value="marcgrue"/>
    <property name="java.class.path" value="/Users/marcgrue/projects/dci/dddsample/dddsample-1.1.0/target/test-classes:/Users/marcgrue/projects/dci/dddsample/dddsample-1.1.0/target/classes:/Users/marcgrue/.m2/repository/junit/junit/4.4/junit-4.4.jar:/Users/marcgrue/.m2/repository/org/springframework/spring-webmvc/2.5.6/spring-webmvc-2.5.6.jar:/Users/marcgrue/.m2/repository/commons-logging/commons-logging/1.1.1/commons-logging-1.1.1.jar:/Users/marcgrue/.m2/repository/org/springframework/spring-beans/2.5.6/spring-beans-2.5.6.jar:/Users/marcgrue/.m2/repository/org/springframework/spring-core/2.5.6/spring-core-2.5.6.jar:/Users/marcgrue/.m2/repository/org/springframework/spring-context/2.5.6/spring-context-2.5.6.jar:/Users/marcgrue/.m2/repository/aopalliance/aopalliance/1.0/aopalliance-1.0.jar:/Users/marcgrue/.m2/repository/org/springframework/spring-context-support/2.5.6/spring-context-support-2.5.6.jar:/Users/marcgrue/.m2/repository/org/springframework/spring-web/2.5.6/spring-web-2.5.6.jar:/Users/marcgrue/.m2/repository/org/springframework/spring/2.5.6/spring-2.5.6.jar:/Users/marcgrue/.m2/repository/org/springframework/spring-test/2.5.6/spring-test-2.5.6.jar:/Users/marcgrue/.m2/repository/org/hibernate/hibernate-core/3.3.1.GA/hibernate-core-3.3.1.GA.jar:/Users/marcgrue/.m2/repository/antlr/antlr/2.7.6/antlr-2.7.6.jar:/Users/marcgrue/.m2/repository/commons-collections/commons-collections/3.1/commons-collections-3.1.jar:/Users/marcgrue/.m2/repository/dom4j/dom4j/1.6.1/dom4j-1.6.1.jar:/Users/marcgrue/.m2/repository/xml-apis/xml-apis/1.0.b2/xml-apis-1.0.b2.jar:/Users/marcgrue/.m2/repository/javax/transaction/jta/1.1/jta-1.1.jar:/Users/marcgrue/.m2/repository/org/slf4j/slf4j-log4j12/1.5.6/slf4j-log4j12-1.5.6.jar:/Users/marcgrue/.m2/repository/org/slf4j/slf4j-api/1.5.6/slf4j-api-1.5.6.jar:/Users/marcgrue/.m2/repository/log4j/log4j/1.2.14/log4j-1.2.14.jar:/Users/marcgrue/.m2/repository/org/slf4j/jcl-over-slf4j/1.5.6/jcl-over-slf4j-1.5.6.jar:/Users/marcgrue/.m2/repository/javassist/javassist/3.8.0.GA/javassist-3.8.0.GA.jar:/Users/marcgrue/.m2/repository/org/hibernate/hibernate-annotations/3.4.0.GA/hibernate-annotations-3.4.0.GA.jar:/Users/marcgrue/.m2/repository/org/hibernate/ejb3-persistence/1.0.2.GA/ejb3-persistence-1.0.2.GA.jar:/Users/marcgrue/.m2/repository/org/hibernate/hibernate-commons-annotations/3.1.0.GA/hibernate-commons-annotations-3.1.0.GA.jar:/Users/marcgrue/.m2/repository/commons-lang/commons-lang/2.3/commons-lang-2.3.jar:/Users/marcgrue/.m2/repository/commons-io/commons-io/1.3.1/commons-io-1.3.1.jar:/Users/marcgrue/.m2/repository/commons-dbcp/commons-dbcp/1.2.2/commons-dbcp-1.2.2.jar:/Users/marcgrue/.m2/repository/commons-pool/commons-pool/1.3/commons-pool-1.3.jar:/Users/marcgrue/.m2/repository/hsqldb/hsqldb/1.8.0.7/hsqldb-1.8.0.7.jar:/Users/marcgrue/.m2/repository/javax/servlet/servlet-api/2.5/servlet-api-2.5.jar:/Users/marcgrue/.m2/repository/taglibs/standard/1.1.2/standard-1.1.2.jar:/Users/marcgrue/.m2/repository/javax/servlet/jstl/1.1.2/jstl-1.1.2.jar:/Users/marcgrue/.m2/repository/opensymphony/sitemesh/2.3/sitemesh-2.3.jar:/Users/marcgrue/.m2/repository/org/apache/activemq/activemq-core/5.2.0/activemq-core-5.2.0.jar:/Users/marcgrue/.m2/repository/org/apache/camel/camel-core/1.5.0/camel-core-1.5.0.jar:/Users/marcgrue/.m2/repository/org/apache/geronimo/specs/geronimo-jms_1.1_spec/1.1.1/geronimo-jms_1.1_spec-1.1.1.jar:/Users/marcgrue/.m2/repository/org/apache/activemq/activeio-core/3.1.0/activeio-core-3.1.0.jar:/Users/marcgrue/.m2/repository/backport-util-concurrent/backport-util-concurrent/2.1/backport-util-concurrent-2.1.jar:/Users/marcgrue/.m2/repository/org/apache/geronimo/specs/geronimo-j2ee-management_1.0_spec/1.0/geronimo-j2ee-management_1.0_spec-1.0.jar:/Users/marcgrue/.m2/repository/org/apache/xbean/xbean-spring/3.4.3/xbean-spring-3.4.3.jar:/Users/marcgrue/.m2/repository/org/easymock/easymock/2.3/easymock-2.3.jar:/Users/marcgrue/.m2/repository/org/apache/cxf/cxf-rt-frontend-jaxws/2.1.3/cxf-rt-frontend-jaxws-2.1.3.jar:/Users/marcgrue/.m2/repository/org/apache/geronimo/specs/geronimo-jaxws_2.1_spec/1.0/geronimo-jaxws_2.1_spec-1.0.jar:/Users/marcgrue/.m2/repository/org/apache/geronimo/specs/geronimo-activation_1.1_spec/1.0.2/geronimo-activation_1.1_spec-1.0.2.jar:/Users/marcgrue/.m2/repository/asm/asm/2.2.3/asm-2.2.3.jar:/Users/marcgrue/.m2/repository/org/apache/cxf/cxf-api/2.1.3/cxf-api-2.1.3.jar:/Users/marcgrue/.m2/repository/org/apache/cxf/cxf-common-utilities/2.1.3/cxf-common-utilities-2.1.3.jar:/Users/marcgrue/.m2/repository/org/apache/geronimo/specs/geronimo-annotation_1.0_spec/1.1.1/geronimo-annotation_1.0_spec-1.1.1.jar:/Users/marcgrue/.m2/repository/javax/xml/bind/jaxb-api/2.1/jaxb-api-2.1.jar:/Users/marcgrue/.m2/repository/org/apache/geronimo/specs/geronimo-stax-api_1.0_spec/1.0.1/geronimo-stax-api_1.0_spec-1.0.1.jar:/Users/marcgrue/.m2/repository/wsdl4j/wsdl4j/1.6.2/wsdl4j-1.6.2.jar:/Users/marcgrue/.m2/repository/xml-resolver/xml-resolver/1.2/xml-resolver-1.2.jar:/Users/marcgrue/.m2/repository/org/apache/ws/commons/schema/XmlSchema/1.4.2/XmlSchema-1.4.2.jar:/Users/marcgrue/.m2/repository/org/codehaus/woodstox/wstx-asl/3.2.6/wstx-asl-3.2.6.jar:/Users/marcgrue/.m2/repository/org/apache/neethi/neethi/2.0.4/neethi-2.0.4.jar:/Users/marcgrue/.m2/repository/org/apache/cxf/cxf-common-schemas/2.1.3/cxf-common-schemas-2.1.3.jar:/Users/marcgrue/.m2/repository/org/apache/cxf/cxf-rt-core/2.1.3/cxf-rt-core-2.1.3.jar:/Users/marcgrue/.m2/repository/com/sun/xml/bind/jaxb-impl/2.1.7/jaxb-impl-2.1.7.jar:/Users/marcgrue/.m2/repository/org/apache/geronimo/specs/geronimo-javamail_1.4_spec/1.3/geronimo-javamail_1.4_spec-1.3.jar:/Users/marcgrue/.m2/repository/com/sun/xml/fastinfoset/FastInfoset/1.2.2/FastInfoset-1.2.2.jar:/Users/marcgrue/.m2/repository/org/apache/cxf/cxf-rt-bindings-soap/2.1.3/cxf-rt-bindings-soap-2.1.3.jar:/Users/marcgrue/.m2/repository/org/apache/cxf/cxf-tools-common/2.1.3/cxf-tools-common-2.1.3.jar:/Users/marcgrue/.m2/repository/org/apache/velocity/velocity/1.5/velocity-1.5.jar:/Users/marcgrue/.m2/repository/oro/oro/2.0.8/oro-2.0.8.jar:/Users/marcgrue/.m2/repository/com/sun/xml/bind/jaxb-xjc/2.1.7/jaxb-xjc-2.1.7.jar:/Users/marcgrue/.m2/repository/javax/xml/soap/saaj-api/1.3/saaj-api-1.3.jar:/Users/marcgrue/.m2/repository/org/apache/geronimo/specs/geronimo-ws-metadata_2.0_spec/1.1.2/geronimo-ws-metadata_2.0_spec-1.1.2.jar:/Users/marcgrue/.m2/repository/org/apache/cxf/cxf-rt-databinding-jaxb/2.1.3/cxf-rt-databinding-jaxb-2.1.3.jar:/Users/marcgrue/.m2/repository/org/apache/cxf/cxf-rt-bindings-xml/2.1.3/cxf-rt-bindings-xml-2.1.3.jar:/Users/marcgrue/.m2/repository/org/apache/cxf/cxf-rt-frontend-simple/2.1.3/cxf-rt-frontend-simple-2.1.3.jar:/Users/marcgrue/.m2/repository/org/apache/cxf/cxf-rt-ws-addr/2.1.3/cxf-rt-ws-addr-2.1.3.jar:/Users/marcgrue/.m2/repository/com/sun/xml/messaging/saaj/saaj-impl/1.3.2/saaj-impl-1.3.2.jar:/Users/marcgrue/.m2/repository/org/apache/cxf/cxf-rt-transports-http/2.1.3/cxf-rt-transports-http-2.1.3.jar:"/>
    <property name="java.vm.specification.version" value="1.0"/>
    <property name="sun.arch.data.model" value="64"/>
    <property name="java.home" value="/System/Library/Java/JavaVirtualMachines/1.6.0.jdk/Contents/Home"/>
    <property name="java.specification.vendor" value="Sun Microsystems Inc."/>
    <property name="user.language" value="en"/>
    <property name="awt.toolkit" value="apple.awt.CToolkit"/>
    <property name="java.vm.info" value="mixed mode"/>
    <property name="java.version" value="1.6.0_22"/>
    <property name="java.ext.dirs" value="/Users/marcgrue/Library/Java/Extensions:/Library/Java/Extensions:/System/Library/Java/Extensions:/System/Library/Java/JavaVirtualMachines/1.6.0.jdk/Contents/Home/lib/ext"/>
    <property name="sun.boot.class.path" value="/System/Library/Java/JavaVirtualMachines/1.6.0.jdk/Contents/Classes/jsfd.jar:/System/Library/Java/JavaVirtualMachines/1.6.0.jdk/Contents/Classes/classes.jar:/System/Library/Frameworks/JavaVM.framework/Frameworks/JavaRuntimeSupport.framework/Resources/Java/JavaRuntimeSupport.jar:/System/Library/Java/JavaVirtualMachines/1.6.0.jdk/Contents/Classes/ui.jar:/System/Library/Java/JavaVirtualMachines/1.6.0.jdk/Contents/Classes/laf.jar:/System/Library/Java/JavaVirtualMachines/1.6.0.jdk/Contents/Classes/sunrsasign.jar:/System/Library/Java/JavaVirtualMachines/1.6.0.jdk/Contents/Classes/jsse.jar:/System/Library/Java/JavaVirtualMachines/1.6.0.jdk/Contents/Classes/jce.jar:/System/Library/Java/JavaVirtualMachines/1.6.0.jdk/Contents/Classes/charsets.jar"/>
    <property name="java.vendor" value="Apple Inc."/>
    <property name="localRepository" value="/Users/marcgrue/.m2/repository"/>
    <property name="file.separator" value="/"/>
    <property name="java.vendor.url.bug" value="http://bugreport.apple.com/"/>
    <property name="sun.cpu.endian" value="little"/>
    <property name="sun.io.unicode.encoding" value="UnicodeLittle"/>
    <property name="mrj.version" value="1060.1.6.0_22-307"/>
    <property name="socksNonProxyHosts" value="local|*.local|169.254/16|*.169.254/16"/>
    <property name="ftp.nonProxyHosts" value="local|*.local|169.254/16|*.169.254/16"/>
    <property name="sun.cpu.isalist" value=""/>
  </properties>
  <testcase time="0.003" classname="se.citerus.dddsample.infrastructure.routing.ExternalRoutingServiceTest" name="testCalculatePossibleRoutes"/>
</testsuite>